<?xml version="1.0" encoding="UTF-8"?>
<!-- Generated by org.testng.reporters.JUnitXMLReporter -->
<testsuite ignored="0" hostname="LAPTOP-H8BM8J34" failures="0" tests="3" name="TestSafari" time="0.085" errors="0" timestamp="2023-01-03T21:57:57 IST">
  <testcase classname="cross_browser.base_class" name="@BeforeMethod setUp" time="0.037">
    <failure type="org.openqa.selenium.WebDriverException" message="Unable to find driver executable: \usr\bin\safaridriver(SafariDriver requires Safari 10 running on OSX El Capitan or greater.)
Build info: version: &amp;apos;4.6.0&amp;apos;, revision: &amp;apos;79f1c02ae20&amp;apos;
System info: os.name: &amp;apos;Windows 11&amp;apos;, os.arch: &amp;apos;amd64&amp;apos;, os.version: &amp;apos;10.0&amp;apos;, java.version: &amp;apos;17.0.4.1&amp;apos;
Driver info: driver.version: SafariDriver">
      <![CDATA[org.openqa.selenium.WebDriverException: Unable to find driver executable: \usr\bin\safaridriver(SafariDriver requires Safari 10 running on OSX El Capitan or greater.)
Build info: version: '4.6.0', revision: '79f1c02ae20'
System info: os.name: 'Windows 11', os.arch: 'amd64', os.version: '10.0', java.version: '17.0.4.1'
Driver info: driver.version: SafariDriver
at org.openqa.selenium.safari.SafariDriverService$Builder.findDefaultExecutable(SafariDriverService.java:110)
at org.openqa.selenium.remote.service.DriverService$Builder.build(DriverService.java:450)
at org.openqa.selenium.safari.SafariDriverService.createDefaultService(SafariDriverService.java:67)
at org.openqa.selenium.safari.SafariDriver.<init>(SafariDriver.java:60)
at org.openqa.selenium.safari.SafariDriver.<init>(SafariDriver.java:49)
at cross_browser.base_class.setUp(base_class.java:35)
at java.base/java.util.ArrayList.forEach(ArrayList.java:1511)
... Removed 31 stack frames]]>
    </failure>
  </testcase> <!-- @BeforeMethod setUp -->
  <testcase classname="cross_browser.base_class" name="@AfterMethod close" time="-1.67276327765E9">
    <skipped/>
  </testcase> <!-- @AfterMethod close -->
  <testcase classname="cross_browser.home_page" name="homepage" time="0.002"/>
  <testcase classname="cross_browser.home_page" name="homepage2" time="0.001"/>
  <testcase classname="cross_browser.login_page" name="login" time="0.0">
    <skipped/>
  </testcase> <!-- login -->
</testsuite> <!-- TestSafari -->
